[depth=0 ok=True] https://en.baochinhphu.vn/
[depth=1 ok=True] https://en.baochinhphu.vn/ambassadors-underscore-importance-of-asean-future-forum-in-strengthening-regional-unity-and-foresight-11126060809245277.htm
[depth=1 ok=True] https://en.baochinhphu.vn/asean-russia-should-create-more-stable-balanced-and-sustainable-environment-prime-minister-le-minh-hung-111260618195134791.htm
[depth=1 ok=True] https://en.baochinhphu.vn/conditions-for-foreign-investors-to-conduct-investment-and-business-activities-with-restricted-access-11141103.htm
[depth=1 ok=True] https://en.baochinhphu.vn/asean-secretary-general-viet-nam-plays-bridge-building-role-in-asean-russia-strategic-partnership-111260615195119557.htm
[depth=1 ok=True] https://en.baochinhphu.vn/base-salary-to-increase-by-8-from-july-2026-111260429104029574.htm
[depth=1 ok=True] https://en.baochinhphu.vn/culture.htm
[depth=1 ok=True] https://en.baochinhphu.vn/deadline-for-payment-of-vat-cit-pit-and-land-rent-extended-11141529.htm
[depth=1 ok=True] https://en.baochinhphu.vn/economy.htm
[depth=1 ok=True] https://en.baochinhphu.vn/eurocham-chairman-bruno-jaspaert-has-no-doubt-viet-nam-will-materialize-double-digit-growth-goal-111260618161746487.htm
[depth=1 ok=True] https://en.baochinhphu.vn/extension-of-time-limits-for-paying-tax-and-land-rent-11141528.htm
[depth=1 ok=True] https://en.baochinhphu.vn/four-out-of-ha-nois-seven-new-bridges-over-red-river-are-gradually-taking-shape-111260519112759782.htm
[depth=1 ok=True] https://en.baochinhphu.vn/full-keynote-address-by-prime-minister-le-minh-hung-at-asean-future-forum-2026-111260609104604235.htm
[depth=1 ok=True] https://en.baochinhphu.vn/full-viet-nam-philippines-joint-statement-on-enhanced-strategic-partnership-111260601145239761.htm
[depth=1 ok=True] https://en.baochinhphu.vn/general-secretary-president-to-lam-accorded-official-welcome-ceremony-in-philippines-111260601105756544.htm
[depth=1 ok=True] https://en.baochinhphu.vn/government-information-and-communications-bureau-founded-111260603093933815.htm
[depth=1 ok=True] https://en.baochinhphu.vn/governments-regular-meeting-october-2022-11123013120195868.htm
[depth=1 ok=True] https://en.baochinhphu.vn/governments-regular-meeting-november-2022-111230131203146532.htm
[depth=1 ok=True] https://en.baochinhphu.vn/govt-chief-receives-ceo-of-russian-direct-investment-fund-11126061909254812.htm
[depth=1 ok=True] https://en.baochinhphu.vn/govt-promulgates-working-regulations-111260602110820344.htm
[depth=1 ok=True] https://en.baochinhphu.vn/hcmc-to-offer-free-bus-travel-from-july-through-year-end-111260619144941229.htm
[depth=1 ok=True] https://en.baochinhphu.vn/govt-decrees-financial-support-to-boost-fertility-rate-111260520095603952.htm
[depth=1 ok=True] https://en.baochinhphu.vn/infographics-30-strategic-technology-products-111260508163334572.htm
[depth=1 ok=True] https://en.baochinhphu.vn/j-statements.htm
[depth=1 ok=True] https://en.baochinhphu.vn/keynote-address-by-general-secretary-and-president-to-lam-at-shangri-la-dialogue-2026-11126052921304821.htm
[depth=1 ok=True] https://en.baochinhphu.vn/key-socio-economic-figures-in-first-four-months-of-2026-111260507163722572.htm
[depth=1 ok=True] https://en.baochinhphu.vn/jica-vows-to-accelerate-viet-nams-bid-on-reforms-and-double-digit-growth-111260612195310001.htm
[depth=1 ok=True] https://en.baochinhphu.vn/le-thi-thuy-re-elected-president-of-viet-nam-womens-union-for-20262031-term-111260619100602922.htm
[depth=1 ok=True] https://en.baochinhphu.vn/major-tasks-and-solutions-to-implement-socio-economic-development-plan-in-2025-11125022611153377.htm
[depth=1 ok=True] https://en.baochinhphu.vn/major-tasks-and-solutions-to-improve-viet-nams-business-environment-in-2026-111260210131146989.htm
[depth=1 ok=True] https://en.baochinhphu.vn/multimedia/infographics.htm
[depth=1 ok=True] https://en.baochinhphu.vn/multimedia.htm
[depth=1 ok=True] https://en.baochinhphu.vn/monthly-resolutions.htm
[depth=1 ok=True] https://en.baochinhphu.vn/multimedia/longform.htm
[depth=1 ok=True] https://en.baochinhphu.vn/multimedia/photos.htm
[depth=1 ok=True] https://en.baochinhphu.vn/multimedia/video.htm
[depth=1 ok=True] https://en.baochinhphu.vn/notice-for-viet-nam-bound-travellers-111260521112100387.htm
[depth=1 ok=True] https://en.baochinhphu.vn/nestle-strengthens-collaboration-with-partners-to-advance-regenerative-agriculture-in-viet-nam-111230621194115355.htm
[depth=1 ok=True] https://en.baochinhphu.vn/opinion.htm
[depth=1 ok=True] https://en.baochinhphu.vn/politburo-orders-promoting-intellectual-property-work-in-favor-of-socio-economic-development-111260620143932513.htm
[depth=1 ok=True] https://en.baochinhphu.vn/policies.htm
[depth=1 ok=True] https://en.baochinhphu.vn/politics.htm
[depth=1 ok=True] https://en.baochinhphu.vn/prime-minister-attends-asean-russia-commemorative-summit-in-kazan-111260618154539623.htm
[depth=1 ok=True] https://en.baochinhphu.vn/remarks-by-general-secretary-and-president-to-lam-at-reception-for-participants-in-asean-future-forum-2026-111260610080345713.htm
[depth=1 ok=True] https://en.baochinhphu.vn/questions-and-answers.htm
[depth=1 ok=True] https://en.baochinhphu.vn/regulations-on-automatic-stay-extension-11141572.htm
[depth=1 ok=True] https://en.baochinhphu.vn/resolution-01-on-key-tasks-and-solutions-to-implement-2023-socio-economic-development-plan-111230207102705303.htm
[depth=1 ok=True] https://en.baochinhphu.vn/resolution-01-on-major-tasks-and-solutions-to-implement-socio-economic-development-plan-in-2026-111260128130253612.htm
[depth=1 ok=True] https://en.baochinhphu.vn/speech-by-general-secretary-president-to-lam-at-indian-council-of-world-affairs-111260511080021984.htm
[depth=1 ok=True] https://en.baochinhphu.vn/speeches.htm
[depth=1 ok=True] https://en.baochinhphu.vn/topic/14th-national-party-congress-281.htm
[depth=1 ok=True] https://en.baochinhphu.vn/society.htm
[depth=1 ok=True] https://en.baochinhphu.vn/topic/general-secretary-president-to-lam-284.htm
[depth=1 ok=True] https://en.baochinhphu.vn/viet-nam-among-25-fastest-growing-populations-111260429110753151.htm
[depth=1 ok=True] https://en.baochinhphu.vn/viet-nam-helps-advance-asean-russia-cooperation-deepen-bilateral-ties-111260619165123075.htm
[depth=1 ok=True] https://en.baochinhphu.vn/viet-nam-among-top-10-peaceful-counties-in-asia-pacific-2026-global-peace-index-111260620150007439.htm
[depth=1 ok=True] https://en.baochinhphu.vn/viet-nam-denmark-celebrate-55-years-of-partnership-through-sustainable-city-initiatives-in-da-nang-111260620185318583.htm
[depth=1 ok=True] https://en.baochinhphu.vn/viet-nam-india-issue-joint-statement-111260506175846981.htm
[depth=1 ok=True] https://en.baochinhphu.vn/viet-nam-india-relations-from-csp-to-enhanced-csp-111260511105930566.htm
[depth=1 ok=True] https://en.baochinhphu.vn/viet-nam-named-among-12-must-visit-global-destinations-for-2026-111260520154435771.htm
[depth=1 ok=True] https://en.baochinhphu.vn/viet-nam-ranks-57th-in-best-countries-2026-rankings-us-news-world-report-111260526145842261.htm
[depth=1 ok=True] https://en.baochinhphu.vn/viet-nam-secures-first-ever-seat-on-international-tribunal-for-the-law-of-the-sea-111260619101421408.htm
[depth=1 ok=True] https://en.baochinhphu.vn/viet-nam-russia-vow-to-soon-raise-bilateral-trade-to-us15-billion-111260619083456618.htm
[depth=1 ok=True] https://en.baochinhphu.vn/viet-nam-ranks-7th-globally-in-ipv6-adoption-111260620152724175.htm
[depth=1 ok=True] https://en.baochinhphu.vn/viet-nam-sustains-positive-socio-economic-performance-in-january-may-period-111260603145454482.htm
[depth=1 ok=True] https://en.baochinhphu.vn/viet-nam-targets-to-have-10-large-scale-domestic-strategic-tech-enterprises-by-2030-111260617183235889.htm
[depth=1 ok=True] https://en.baochinhphu.vn/viet-nams-four-decade-reform-results-in-steady-rise-in-economic-freedom-111260618092304499.htm
[depth=1 ok=True] https://en.baochinhphu.vn/viet-nams-law-on-participation-in-united-nations-peacekeeping-force-111260421110803553.htm
[depth=1 ok=True] https://en.baochinhphu.vn/viet-nams-shift-from-mere-fdi-attraction-to-strategic-selection-111260513164510432.htm
[depth=1 ok=True] https://en.baochinhphu.vn/vove-forward-with-confidence-111260203095819512.htm
[depth=2 ok=True] https://en.baochinhphu.vn/14th-party-central-committee-convenes-first-plenum-to-elect-general-secretary-11126012308185391.htm
[depth=2 ok=True] https://en.baochinhphu.vn/14-units-eligible-for-granting-foreign-language-certificates-11138431.htm
[depth=2 ok=True] https://en.baochinhphu.vn/14th-national-party-congress-adopts-resolution-111260123185015024.htm
[depth=2 ok=True] https://en.baochinhphu.vn/14th-national-party-congress-attracts-broad-international-attention-111260121093024424.htm
[depth=2 ok=True] https://en.baochinhphu.vn/14th-national-party-congress-elects-members-to-14th-party-central-committee-111260122192832093.htm
[depth=2 ok=True] https://en.baochinhphu.vn/14th-viet-nam-trade-union-congress-opens-in-ha-noi-11126060310073847.htm
[depth=2 ok=True] https://en.baochinhphu.vn/address-by-general-secretary-to-lam-at-national-celebration-of-50th-anniversary-of-liberation-of-the-south-and-national-reunification-111250430094348096.htm
[depth=2 ok=True] https://en.baochinhphu.vn/a-new-era-in-dengue-prevention-through-vaccine-innovation-11124122016082948.htm
[depth=2 ok=True] https://en.baochinhphu.vn/address-by-vietnamese-minister-of-national-defense-at-shangri-la-dialogue-2025-111250602143914973.htm
[depth=2 ok=True] https://en.baochinhphu.vn/95-population-aged-above-15-to-have-bank-accounts-111260312095548124.htm
[depth=2 ok=True] https://en.baochinhphu.vn/aff.html
[depth=2 ok=True] https://en.baochinhphu.vn/age-of-retirement-11137922.htm
[depth=2 ok=True] https://en.baochinhphu.vn/agro-forestry-aquatic-exports-surge-over-9-in-five-months-111260602103432274.htm
[depth=2 ok=True] https://en.baochinhphu.vn/ambassadors-underscore-importance-of-asean-future-forum-in-strengthening-regional-unity-and-foresight-11126060809245277.htm&quote=Thai%20Ambassador%20to%20Viet%20Nam%20Urawadee%20Sriphiromya%20-%20Photo%3A%20VGP%2FThuy%20Dung
[depth=2 ok=True] https://en.baochinhphu.vn/ambassadors-underscore-importance-of-asean-future-forum-in-strengthening-regional-unity-and-foresight-11126060809245277.htm&quote=Philippine%20Ambassador%20to%20Viet%20Nam%20Francisco%20Noel%20R.%20Fernandez%20III%20-%20Photo%3A%20VGP%2FThuy%20Dung
[depth=2 ok=True] https://en.baochinhphu.vn/ambassadors-underscore-importance-of-asean-future-forum-in-strengthening-regional-unity-and-foresight-11126060809245277.htm&quote=Ambassador%20of%20Timor-Leste%20to%20Viet%20Nam%20Jo%C3%A3o%20Pereira%20-%20Photo%3A%20VGP%2FThuy%20Dung
[depth=2 ok=True] https://en.baochinhphu.vn/asean-future-forum-2026-promoting-dialogue-for-more-cohesive-and-inclusive-asean-111260608091636975.htm
[depth=2 ok=True] https://en.baochinhphu.vn/asean-future-forum-significant-platform-for-forward-looking-discussions-on-regional-challenges-111260606090324948.htm
[depth=2 ok=True] https://en.baochinhphu.vn/asean-future-forum.html
[depth=2 ok=True] https://en.baochinhphu.vn/asean-russia.html
[depth=2 ok=True] https://en.baochinhphu.vn/asean-secretary-general-viet-nam-plays-bridge-building-role-in-asean-russia-strategic-partnership-111260615195119557.htm&quote=ASEAN%20Secretary-General%20Kao%20Kim%20Hourn
[depth=2 ok=True] https://en.baochinhphu.vn/asean-must-play-stronger-role-in-shaping-norms-rules-and-frameworks-for-cooperation-111260609102732797.htm
[depth=2 ok=True] https://en.baochinhphu.vn/asean-secretary-general-viet-nam-plays-bridge-building-role-in-asean-russia-strategic-partnership-111260615195119557.htm&quote=Photo%3A%20RIA%20Novosti%2FPavel%20Lisitsyn
[depth=2 ok=True] https://en.baochinhphu.vn/bai-tu-long-bay-listed-among-7-wonders-of-southeast-asia-for-2026-111260325164807369.htm
[depth=2 ok=True] https://en.baochinhphu.vn/asean.html
[depth=2 ok=True] https://en.baochinhphu.vn/ban-flower-festival-2026-opens-in-dien-bien-province-111260309093054666.htm
[depth=2 ok=True] https://en.baochinhphu.vn/australian-professor-carlyle-thayer-highlights-outcomes-of-general-secretary-to-lams-trip-to-us-111260224091936861.htm
[depth=2 ok=True] https://en.baochinhphu.vn/base-salary-shall-increase-to-vnd253-million-from-july-2026-111260517095118751.htm
[depth=2 ok=True] https://en.baochinhphu.vn/beautiful-dream-at-hcm-citys-ao-dai-festival-111220316104832074.htm
[depth=2 ok=True] https://en.baochinhphu.vn/business-lines-subject-to-conditional-business-investment-11140113.htm
[depth=2 ok=True] https://en.baochinhphu.vn/brief-biography-of-prime-minister-le-minh-hung-111260409102914522.htm
[depth=2 ok=True] https://en.baochinhphu.vn/cabinet-reviews-january-may-socio-economic-performance-111260603104412517.htm
[depth=2 ok=True] https://en.baochinhphu.vn/competence-to-approve-investment-policies-11140290.htm
[depth=2 ok=True] https://en.baochinhphu.vn/childbirth.html
[depth=2 ok=True] https://en.baochinhphu.vn/cao-bang-frost-covers-top-of-mount-phja-oac-111220220165233758.htm
[depth=2 ok=True] https://en.baochinhphu.vn/comprehensive-balanced-child-rights-based-approach-needed-to-protect-children-online-unicef-representative-111260311145550583.htm
[depth=2 ok=True] https://en.baochinhphu.vn/cnn-suggests-visitors-to-experience-phu-quoc-islands-kiss-bridge-111240104154114896.htm
[depth=2 ok=True] https://en.baochinhphu.vn/conditions-for-recruiting-or-employing-teenage-workers-11140994.htm
[depth=2 ok=True] https://en.baochinhphu.vn/conditions-for-foreigners-to-study-in-universities-in-vn-11138613.htm
[depth=2 ok=True] https://en.baochinhphu.vn/congratulatory-messages-extended-to-top-vietnamese-leaders-111260410093325674.htm
[depth=2 ok=True] https://en.baochinhphu.vn/construction-begins-on-electronic-circuit-manufacturing-factory-in-phu-tho-111260612144701916.htm
[depth=2 ok=True] https://en.baochinhphu.vn/contributing-capital-buying-shares-buying-capital-portions-of-foreign-investors-11140114.htm
[depth=2 ok=True] https://en.baochinhphu.vn/da-nang-to-stage-new-years-eve-fireworks-at-six-venues-11126020417000463.htm
[depth=2 ok=True] https://en.baochinhphu.vn/cross-border-container-freight-train-connecting-viet-nam-china-launched-111260604094322454.htm
[depth=2 ok=True] https://en.baochinhphu.vn/da-nang.html
[depth=2 ok=True] https://en.baochinhphu.vn/defense-minister-holds-talks-with-indian-counterpart-111220608124716644.htm
[depth=2 ok=True] https://en.baochinhphu.vn/da-nang-tops-viet-nams-tourism-competitiveness-rankings-111220119195520865.htm
[depth=2 ok=True] https://en.baochinhphu.vn/denmark.html
[depth=2 ok=True] https://en.baochinhphu.vn/deputy-pm-fm-bui-thanh-sons-remarks-at-gala-dinner-celebrating-30th-anniversary-of-viet-nam-us-relations-111250324092853458.htm
[depth=2 ok=True] https://en.baochinhphu.vn/deputy-foreign-minister-highlights-significance-of-prime-ministers-upcoming-tour-to-russia-111260614101502418.htm
[depth=2 ok=True] https://en.baochinhphu.vn/deputy-prime-minister-le-tien-chau-meets-japanese-foreign-minister-motegi-toshimitsu-111260610214329465.htm
[depth=2 ok=True] https://en.baochinhphu.vn/deputy-prime-minister-le-tien-chau-to-attend-nikkei-forum-future-of-asia-in-tokyo-111260605153233113.htm
[depth=2 ok=True] https://en.baochinhphu.vn/deputy-prime-minister-phan-van-giang-hosts-us-deputy-secretary-of-state-christopher-landau-111260610163754582.htm
[depth=2 ok=True] https://en.baochinhphu.vn/deputy-prime-minister-nguyen-van-thang-leads-national-council-for-sustainable-development-111260610165852108.htm
[depth=2 ok=True] https://en.baochinhphu.vn/digital-economy-to-contribute-30-of-gdp-by-2030-11126061210111086.htm
[depth=2 ok=True] https://en.baochinhphu.vn/doi-moi.html
[depth=2 ok=True] https://en.baochinhphu.vn/dpm-receives-un-under-secretary-general-high-representative-for-disarmament-affairs-111260610114013966.htm
[depth=2 ok=True] https://en.baochinhphu.vn/economic-freedom.html
[depth=2 ok=True] https://en.baochinhphu.vn/economy.html
[depth=2 ok=True] https://en.baochinhphu.vn/energy-should-become-key-pillar-of-asean-russia-relations-prime-minister-111260617150858147.htm
[depth=2 ok=True] https://en.baochinhphu.vn/education-minister-holds-authority-to-approve-foreign-university-branches-in-viet-nam-111260505151022313.htm
[depth=2 ok=True] https://en.baochinhphu.vn/environmental-protection-and-climate-change-adaptation-new-pillar-of-viet-nams-new-development-model-11126061110081173.htm
[depth=2 ok=True] https://en.baochinhphu.vn/fdi-inflows-and-disbursement-in-january-april-reach-five-year-high-111260503160114569.htm
[depth=2 ok=True] https://en.baochinhphu.vn/fdi-inflows-reach-over-us6-billion-in-jan-feb-period-111260306152224981.htm
[depth=2 ok=True] https://en.baochinhphu.vn/five-vietnamese-scientists-honored-in-asian-scientist-100-list-for-2026-111260526155452156.htm
[depth=2 ok=True] https://en.baochinhphu.vn/first-renewable-power-generator-join-direct-power-purchase-mechanism-111260602100708173.htm
[depth=2 ok=True] https://en.baochinhphu.vn/first-congress-of-governments-party-organization-opens-111251013103638227.htm
[depth=2 ok=True] https://en.baochinhphu.vn/foreign-experts-with-short-term-viet-nam-stay-exempted-from-centralized-quarantine-11139422.htm
[depth=2 ok=True] https://en.baochinhphu.vn/foreign-arrivals-reach-record-high-in-jan-may-period-111260604164102789.htm
[depth=2 ok=True] https://en.baochinhphu.vn/full-address-by-general-secretary-to-lam-at-80th-national-day-anniversary-111250903150720808.htm
[depth=2 ok=True] https://en.baochinhphu.vn/foreign-leaders-send-congratulations-to-general-secretary-to-lam-on-re-election-11126012409093746.htm
[depth=2 ok=True] https://en.baochinhphu.vn/foreign-workers-exempted-from-health-insurance-requirement-11139824.htm
[depth=2 ok=True] https://en.baochinhphu.vn/full-joint-statement-on-establishment-of-strategic-partnership-between-viet-nam-and-slovakia-111260413161539502.htm
[depth=2 ok=True] https://en.baochinhphu.vn/full-joint-statement-on-upgrading-viet-nam-eu-relations-to-comprehensive-strategic-partnership-111260129183959739.htm
[depth=2 ok=True] https://en.baochinhphu.vn/full-keynote-speech-by-prime-minister-pham-minh-chinh-at-3rd-un-ocean-conference-111250616112730358.htm
[depth=2 ok=True] https://en.baochinhphu.vn/full-remarks-by-deputy-pm-bui-thanh-son-at-30th-anniversary-of-viet-nams-asean-membership-111250728212909413.htm
[depth=2 ok=True] https://en.baochinhphu.vn/full-remarks-by-prime-minister-pham-minh-chinh-at-session-on-sustainable-development-and-energy-transition-within-g20-leaders-summit-2024-111241122102919761.htm
[depth=2 ok=True] https://en.baochinhphu.vn/full-resolution-of-14th-national-party-congress-111260214171856653.htm
[depth=2 ok=True] https://en.baochinhphu.vn/full-speech-by-deputy-pm-bui-thanh-son-at-wgs-emerging-economies-forum-111250213103556963.htm
[depth=2 ok=True] https://en.baochinhphu.vn/full-viet-nam-cambodia-joint-statement-111260207102115491.htm
[depth=2 ok=True] https://en.baochinhphu.vn/full-viet-nam-philippines-joint-statement-on-enhanced-strategic-partnership-111260601145239761.htm&quote=General%20Secretary%20and%20President%20To%20Lam%20(left)%20and%20Philippine%20President%20Ferdinand%20R.%20Marcos%20Jr.%20co-chair%20a%20press%20briefing%20following%20their%20summit%20meeting%20in%20Manila%2C%20June%201%2C%202026.%20Photo%3A%20VNA
[depth=2 ok=True] https://en.baochinhphu.vn/gdp.html
[depth=2 ok=True] https://en.baochinhphu.vn/general-secretary-president-to-lam-begins-state-visit-to-singapore-111260529084813761.htm
[depth=2 ok=True] https://en.baochinhphu.vn/general-secretary-president-to-lam-begins-three-day-state-visit-to-thailand-111260527115554528.htm
[depth=2 ok=True] https://en.baochinhphu.vn/general-secretary-president-to-lam-delivers-keynote-address-at-shangri-la-dialogue-2026-111260529194136878.htm
[depth=2 ok=True] https://en.baochinhphu.vn/general-secretary-president-to-lam-calls-for-advancing-viet-nam-philippines-economic-cooperation-to-new-height-111260601200113914.htm
[depth=2 ok=True] https://en.baochinhphu.vn/general-secretary-president-to-lam-hosts-reception-for-cambodian-prime-minister-hun-manet-111260610090814477.htm
[depth=2 ok=True] https://en.baochinhphu.vn/general-secretary-president-to-lam-holds-phone-talks-with-swiss-president-guy-parmelin-111260511202950616.htm
[depth=2 ok=True] https://en.baochinhphu.vn/general-secretary-president-to-lam-meets-president-of-timor-leste-in-singapore-111260530085912957.htm
[depth=2 ok=True] https://en.baochinhphu.vn/general-secretary-president-to-lam-to-pay-state-visit-to-philippines-111260527073844835.htm
[depth=2 ok=True] https://en.baochinhphu.vn/general-secretary-state-economy-must-become-national-fulcrum-in-new-era-111260225123736311.htm
[depth=2 ok=True] https://en.baochinhphu.vn/general-secretary-president-to-lam-to-visit-singapore-deliver-keynote-speech-at-shangri-la-dialogue-111260524220833926.htm
[depth=2 ok=True] https://en.baochinhphu.vn/general-secretary-stresses-shift-from-talk-to-action-in-latest-article-111260125143755709.htm
[depth=2 ok=True] https://en.baochinhphu.vn/general-secretary-to-lam-attends-victory-parade-in-astana-111250507155308008.htm
[depth=2 ok=True] https://en.baochinhphu.vn/general-secretary-to-lam-chairs-intl-press-conference-to-announce-outcomes-of-14th-national-party-congress-111260123215415179.htm
[depth=2 ok=True] https://en.baochinhphu.vn/general-secretary-to-lam-calls-for-master-blueprint-for-double-digit-growth-through-2045-111260303091444693.htm
[depth=2 ok=True] https://en.baochinhphu.vn/general-secretary-to-lams-policy-speech-at-oxford-university-111251030143844885.htm
[depth=2 ok=True] https://en.baochinhphu.vn/government-information-and-communications-bureau-founded-111260603093933815.htm&quote=The%20Government%20Information%20and%20Communications%20Bureau%20is%20the%20new%20name%20of%20the%20Viet%20Nam%20Government%20Portal%20(VGP)
[depth=2 ok=True] https://en.baochinhphu.vn/global-perspective-beyond-gdp-expansion-viet-nam-can-drive-deeper-reforms-and-innovation-led-growth-111260304154355018.htm
[depth=2 ok=True] https://en.baochinhphu.vn/government.html
[depth=2 ok=True] https://en.baochinhphu.vn/governments-resolution-on-law-making-11142110.htm
[depth=2 ok=True] https://en.baochinhphu.vn/govt-announces-70-priority-high-technologies-111260518110733679.htm
[depth=2 ok=True] https://en.baochinhphu.vn/govt-chief-receives-ceo-of-russian-direct-investment-fund-11126061909254812.htm&quote=Prime%20Minister%20Le%20Minh%20Hung%20(R)%20and%20CEO%20of%20the%20Russian%20Direct%20Investment%20Fund%20(RDIF)%20Kirill%20Dmitriev%20in%20Kazan%2C%20June%2018%2C%202026%20-%20Photo%3A%20VGP%2F
[depth=2 ok=True] https://en.baochinhphu.vn/govt-decrees-financial-support-to-boost-fertility-rate-111260520095603952.htm&quote=
[depth=2 ok=True] https://en.baochinhphu.vn/govt-announces-list-of-142-conditional-business-lines-111260520150641313.htm
[depth=2 ok=True] https://en.baochinhphu.vn/govt-issues-8-decrees-on-streamlining-administrative-procedures-business-conditions-111260429222138216.htm
[depth=2 ok=True] https://en.baochinhphu.vn/govt-promulgates-working-regulations-111260602110820344.htm&quote=A%20Cabinet%20meeting
[depth=2 ok=True] https://en.baochinhphu.vn/govt-releases-timelines-for-vehicle-emission-inspections-111260407160840765.htm
[depth=2 ok=True] https://en.baochinhphu.vn/govt-strengthens-crackdown-on-infringements-of-intellectual-property-rights-111260506224848126.htm
[depth=2 ok=True] https://en.baochinhphu.vn/govt-targets-to-transform-trang-an-tam-coc-bich-dong-scenic-complex-into-global-tourism-hub-111260422165418126.htm
[depth=2 ok=True] https://en.baochinhphu.vn/govt-to-cut-conditional-business-lines-by-30-from-july-11126051919211401.htm
[depth=2 ok=True] https://en.baochinhphu.vn/govt-to-provide-400000-smart-phones-to-poor-households-111260502151116731.htm
[depth=2 ok=True] https://en.baochinhphu.vn/growth.html
[depth=2 ok=True] https://en.baochinhphu.vn/ha-noi-adorned-with-flags-and-flowers-ahead-of-14th-national-party-congress-111260109145835366.htm
[depth=2 ok=True] https://en.baochinhphu.vn/ha-noi-among-must-visit-destinations-in-southeast-asia-111230603103813251.htm
[depth=2 ok=True] https://en.baochinhphu.vn/ha-noi-approves-100-year-master-plan-111260514201818082.htm
[depth=2 ok=True] https://en.baochinhphu.vn/ha-noi-hcm-city-among-worlds-50-best-cities-to-visit-in-2026-time-out-111260314091324307.htm
[depth=2 ok=True] https://en.baochinhphu.vn/ha-noi-breaks-ground-on-thuong-cat-bridge-across-red-river-111251008162726397.htm
[depth=2 ok=True] https://en.baochinhphu.vn/ha-noi-to-stage-pyrotechnic-firework-displays-to-celebrate-14th-national-party-congress-111260121101746075.htm
[depth=2 ok=True] https://en.baochinhphu.vn/ha-noi-offers-free-two-storey-bus-tours-to-reporters-covering-trum-kim-summit-11134525.htm
[depth=2 ok=True] https://en.baochinhphu.vn/ha-noi-urged-to-contribute-to-double-digit-growth-target-111260612094229641.htm
[depth=2 ok=True] https://en.baochinhphu.vn/hcm-city-plans-to-waive-bus-service-fees-to-reduce-traffic-congestion-improve-air-quality-111260402102708677.htm
[depth=2 ok=True] https://en.baochinhphu.vn/hcmc-to-offer-free-bus-travel-from-july-through-year-end-111260619144941229.htm&quote=HCMC%20will%20offer%20free%20bus%20travel%20from%20July%20through%20year-end
[depth=2 ok=True] https://en.baochinhphu.vn/health-quarantine.html
[depth=2 ok=True] https://en.baochinhphu.vn/hoi-an-among-best-destinations-in-asia-to-experience-lunar-new-year-by-time-out-111260224094208896.htm
[depth=2 ok=True] https://en.baochinhphu.vn/hoi-an-leads-agodas-list-for-slow-travel-destinations-in-asia-111260424105222921.htm
[depth=2 ok=True] https://en.baochinhphu.vn/hoi-an-most-welcoming-destination-in-viet-nam-bookingcom-11126030509034988.htm
[depth=2 ok=True] https://en.baochinhphu.vn/how-do-foreign-enterprises-open-bank-accounts-in-vn-11139554.htm
[depth=2 ok=True] https://en.baochinhphu.vn/hue-city-ranks-among-worlds-top-honeymoon-destinations-for-2026-111260225103439238.htm
[depth=2 ok=True] https://en.baochinhphu.vn/india.html
[depth=2 ok=True] https://en.baochinhphu.vn/in-pictures-official-welcome-ceremony-held-for-vietnamese-party-chief-in-cuba-111240927092900394.htm
[depth=2 ok=True] https://en.baochinhphu.vn/infographic-covid-19-prevention-tips-11137775.htm
[depth=2 ok=True] https://en.baochinhphu.vn/infographic-socio-economic-performance-in-first-eight-months-of-2025-111250908143412691.htm
[depth=2 ok=True] https://en.baochinhphu.vn/infographic-socio-economic-performance-in-january-2026-1112602061504508.htm
[depth=2 ok=True] https://en.baochinhphu.vn/intellect-unity-innovation-foundation-for-ho-chi-minh-citys-new-development-stage-11126012016232073.htm
[depth=2 ok=True] https://en.baochinhphu.vn/infographics-fresh-government-members-for-20262031-term-111260408151252633.htm
[depth=2 ok=True] https://en.baochinhphu.vn/infographics-list-of-34-provincial-and-municipal-party-secretaries-for-2025-2030-tenure-111260417112738323.htm
[depth=2 ok=True] https://en.baochinhphu.vn/intellectual-property.html
[depth=2 ok=True] https://en.baochinhphu.vn/international-tribunal-for-the-law-of-the-sea.html
[depth=2 ok=True] https://en.baochinhphu.vn/intl-arrivals-to-viet-nam-rise-18-percent-in-first-two-months-111260306170220794.htm
[depth=2 ok=True] https://en.baochinhphu.vn/internet.html
[depth=2 ok=True] https://en.baochinhphu.vn/japan-provides-over-us250-million-to-improve-disaster-resilience-in-northern-mountainous-provinces-11126061309071904.htm
[depth=2 ok=True] https://en.baochinhphu.vn/joint-statement-between-viet-nam-and-sri-lanka-111250505220710524.htm
[depth=2 ok=True] https://en.baochinhphu.vn/joint-statement-on-establishment-of-viet-nam-singapore-comprehensive-strategic-partnership-111250312161211333.htm
[depth=2 ok=True] https://en.baochinhphu.vn/korean-presidents-visit-marks-a-step-toward-more-substantive-viet-namsouth-korea-relations-111260417215434971.htm
[depth=2 ok=True] https://en.baochinhphu.vn/joint-statement-on-major-orientations-for-viet-nam-russia-comprehensive-strategic-partnership-111250512160554193.htm
[depth=2 ok=True] https://en.baochinhphu.vn/joint-statement-on-upgrading-viet-nam-south-africa-ties-to-strategic-partnership-111251121192901264.htm
[depth=2 ok=True] https://en.baochinhphu.vn/land-use-rights-for-overseas-vietnamese-citizens-11138663.htm
[depth=2 ok=True] https://en.baochinhphu.vn/law-on-state-of-emergency-111260326144513058.htm
[depth=2 ok=True] https://en.baochinhphu.vn/le-thi-thuy-re-elected-president-of-viet-nam-womens-union-for-20262031-term-111260619100602922.htm&quote=Newly%20re-elected%20President%20of%20the%20Viet%20Nam%20Women%E2%80%99s%20Union%20(VWU)%20Le%20Thi%20Thuy
[depth=2 ok=True] https://en.baochinhphu.vn/leaders-of-foreign-countries-intl-organizations-send-congratulations-to-vietnamese-party-chief-111260126150458653.htm
[depth=2 ok=True] https://en.baochinhphu.vn/le-minh-hung.html
[depth=2 ok=True] https://en.baochinhphu.vn/list-of-34-provincial-and-municipal-chairmen-for-2025-2030-tenure-111260421164739004.htm
[depth=2 ok=True] https://en.baochinhphu.vn/major-outcomes-of-president-emmanuel-macrons-state-visit-to-viet-nam-111250527211650829.htm
[depth=2 ok=True] https://en.baochinhphu.vn/major-policies-take-effect-from-april-2026-111260401101524739.htm
[depth=2 ok=True] https://en.baochinhphu.vn/major-priorities-of-japanese-prime-ministers-upcoming-official-visit-to-viet-nam-111260429093804831.htm
[depth=2 ok=True] https://en.baochinhphu.vn/major-takeaways-from-general-secretary-president-to-lams-state-visit-to-india-111260508130255661.htm
[depth=2 ok=True] https://en.baochinhphu.vn/major-targets-of-socio-economic-development-plan-in-2022-111220128100722544.htm
[depth=2 ok=True] https://en.baochinhphu.vn/management-areas-of-prime-ministers-le-minh-hung-and-deputy-prime-ministers-111260410165805557.htm
[depth=2 ok=True] https://en.baochinhphu.vn/must-visit-global-destinations.html
[depth=2 ok=True] https://en.baochinhphu.vn/national-assembly-approves-organizational-structure-of-government-111260407124427537.htm
[depth=2 ok=True] https://en.baochinhphu.vn/national-marine-spatial-planning-aims-to-turn-viet-nam-into-strong-maritime-country-111241217164816298.htm
[depth=2 ok=True] https://en.baochinhphu.vn/national-party-congress-sets-out-important-vision-for-viet-nams-future-development-azerbaijani-ambassador-111260204092851336.htm
[depth=2 ok=True] https://en.baochinhphu.vn/national-reconciliation-is-strategic-choice-pillar-of-great-national-unity-bloc-party-chief-111250428085459718.htm
[depth=2 ok=True] https://en.baochinhphu.vn/nearly-20-of-viet-nams-population-are-living-with-overweight-or-obesity-111260304221539106.htm
[depth=2 ok=True] https://en.baochinhphu.vn/no-country-can-achieve-sustainable-development-in-rapidly-changing-world-111260611193318773.htm
[depth=2 ok=True] https://en.baochinhphu.vn/nestle-strengthens-collaboration-with-partners-to-advance-regenerative-agriculture-in-viet-nam-111230621194115355.htm&quote=Director-General%20of%20MARD%20Department%20of%20International%20Cooperation%20Do%20Anh%20Tuan%20and%20Nestl%C3%A9%20Viet%20Nam%20Managing%20Director%20Binu%20Jacob%20sign%20a%20memorandum%20of%20understanding%20between%20MARD%20and%20Nestl%C3%A9%20Viet%20Nam%20on%20June%2020%2C%202023
[depth=2 ok=True] https://en.baochinhphu.vn/new-policies-take-effect-in-may-2026-111260501135222086.htm
[depth=2 ok=True] https://en.baochinhphu.vn/nordic-countries-share-experience-to-support-viet-nams-reform-and-digital-transformation-111260318151202866.htm
[depth=2 ok=True] https://en.baochinhphu.vn/november-24-designated-as-viet-nam-culture-day-111260113145611485.htm
[depth=2 ok=True] https://en.baochinhphu.vn/official-welcome-ceremony-for-top-vietnamese-leader-to-lam-in-kazakhstan-111250506172419363.htm
[depth=2 ok=True] https://en.baochinhphu.vn/official-welcome-ceremony-for-singaporean-prime-minister-111250326152712883.htm
[depth=2 ok=True] https://en.baochinhphu.vn/party-leader-highlights-power-of-solidarity-111250630063805292.htm
[depth=2 ok=True] https://en.baochinhphu.vn/official-welcome-ceremony-for-vietnamese-party-and-state-leader-111260529145248892.htm
[depth=2 ok=True] https://en.baochinhphu.vn/overview-of-viet-nams-16-comprehensive-strategic-strategic-partnership-frameworks-111260413151735927.htm
[depth=2 ok=True] https://en.baochinhphu.vn/party-leader-stresses-new-mindset-in-implementing-resolution-of-14th-national-party-congress-11126020723002936.htm
[depth=2 ok=True] https://en.baochinhphu.vn/philippines.html
[depth=2 ok=True] https://en.baochinhphu.vn/peace.html
[depth=2 ok=True] https://en.baochinhphu.vn/phong-nhake-bang-national-park-seeks-third-unesco-recognition-111260121172004608.htm
[depth=2 ok=True] https://en.baochinhphu.vn/photo-second-parade-drill-for-80th-national-day-111250806111125129.htm
[depth=2 ok=True] https://en.baochinhphu.vn/photos-official-welcome-ceremony-for-burundian-president-111250404165214642.htmNo results returned for 737 URLs, marking as visited

[depth=2 ok=True] https://en.baochinhphu.vn/pneumococcus-continues-to-be-leading-cause-of-community-acquired-pneumonia-111260321224609511.htm
[depth=2 ok=True] https://en.baochinhphu.vn/politburo-announces-13-members-of-party-central-committees-secretariat-11126013016120686.htm
[depth=2 ok=True] https://en.baochinhphu.vn/pm-presents-tet-gifts-to-needy-people-in-can-tho-111220123190338347.htm
[depth=2 ok=True] https://en.baochinhphu.vn/politburo-establishes-central-steering-committee-for-foreign-affairs-and-intl-integration-111260615091109752.htm
[depth=2 ok=True] https://en.baochinhphu.vn/politburo-issues-fresh-resolution-on-captial-development-in-new-era-11126032010084794.htm
[depth=2 ok=True] https://en.baochinhphu.vn/politburo-orders-promoting-intellectual-property-work-in-favor-of-socio-economic-development-111260620143932513.htm&quote=
[depth=2 ok=True] https://en.baochinhphu.vn/prime-minister-attends-asean-russia-commemorative-summit-in-kazan-111260618154539623.htm&quote=Prime%20Minister%20Le%20Minh%20Hung%20attends%20the%20plenary%20session%20of%20the%20ASEAN%E2%80%93Russia%20Commemorative%20Summit%20marking%20the%2035th%20anniversary%20of%20ASEAN%E2%80%93Russia%20relations%2C%20Kazan%2C%20Russia%2C%20June%2018%2C%202026%20-%20Photo%3A%20VGP
[depth=2 ok=True] https://en.baochinhphu.vn/prime-minister-attends-burial-ceremony-for-martyrs-in-quang-tri-111260523141730754.htm
[depth=2 ok=True] https://en.baochinhphu.vn/politburo.html
[depth=2 ok=True] https://en.baochinhphu.vn/prime-minister-le-minh-hung-leaves-for-asean-russia-commemorative-summit-111260616055201492.htm
[depth=2 ok=True] https://en.baochinhphu.vn/prime-minister-le-minh-hung-holds-first-phone-conversation-with-chinese-premier-li-qiang-111260615131401877.htm
[depth=2 ok=True] https://en.baochinhphu.vn/prime-minister-chairs-national-steering-committee-for-overcoming-consequences-of-chemical-and-explosive-remnants-111260606142617096.htm
[depth=2 ok=True] https://en.baochinhphu.vn/prime-minister-hosts-welcome-ceremony-for-malaysian-counterpart-111220321115306183.htm
[depth=2 ok=True] https://en.baochinhphu.vn/prime-minister-le-minh-hung-to-attend-asean-russia-commemorative-summit-in-kazan-111260613140738516.htm
[depth=2 ok=True] https://en.baochinhphu.vn/prime-minister-meets-with-head-of-russias-republic-of-tatarstan-in-kazan-111260617120436607.htm
[depth=2 ok=True] https://en.baochinhphu.vn/print/ambassadors-underscore-importance-of-asean-future-forum-in-strengthening-regional-unity-and-foresight-11126060809245277.htm
[depth=2 ok=True] https://en.baochinhphu.vn/print/asean-russia-should-create-more-stable-balanced-and-sustainable-environment-prime-minister-le-minh-hung-111260618195134791.htm
[depth=2 ok=True] https://en.baochinhphu.vn/prime-minister-witnesses-launch-of-three-new-air-routes-to-russia-111260618081059805.htm
[depth=2 ok=True] https://en.baochinhphu.vn/print/asean-secretary-general-viet-nam-plays-bridge-building-role-in-asean-russia-strategic-partnership-111260615195119557.htm
[depth=2 ok=True] https://en.baochinhphu.vn/prime-minister-pham-minh-chinh-hosts-welcome-ceremony-for-japanese-counterpart-111220501180620261.htm
[depth=2 ok=True] https://en.baochinhphu.vn/print/conditions-for-foreign-investors-to-conduct-investment-and-business-activities-with-restricted-access-11141103.htm
[depth=2 ok=True] https://en.baochinhphu.vn/print/deadline-for-payment-of-vat-cit-pit-and-land-rent-extended-11141529.htm
[depth=2 ok=True] https://en.baochinhphu.vn/print/extension-of-time-limits-for-paying-tax-and-land-rent-11141528.htm
[depth=2 ok=True] https://en.baochinhphu.vn/print/full-keynote-address-by-prime-minister-le-minh-hung-at-asean-future-forum-2026-111260609104604235.htm
[depth=2 ok=True] https://en.baochinhphu.vn/print/full-viet-nam-philippines-joint-statement-on-enhanced-strategic-partnership-111260601145239761.htm
[depth=2 ok=True] https://en.baochinhphu.vn/print/government-information-and-communications-bureau-founded-111260603093933815.htm
[depth=2 ok=True] https://en.baochinhphu.vn/print/governments-regular-meeting-november-2022-111230131203146532.htm
[depth=2 ok=True] https://en.baochinhphu.vn/print/govt-decrees-financial-support-to-boost-fertility-rate-111260520095603952.htm
[depth=2 ok=True] https://en.baochinhphu.vn/print/govt-chief-receives-ceo-of-russian-direct-investment-fund-11126061909254812.htm
[depth=2 ok=True] https://en.baochinhphu.vn/print/governments-regular-meeting-october-2022-11123013120195868.htm
[depth=2 ok=True] https://en.baochinhphu.vn/print/hcmc-to-offer-free-bus-travel-from-july-through-year-end-111260619144941229.htm
[depth=2 ok=True] https://en.baochinhphu.vn/print/govt-promulgates-working-regulations-111260602110820344.htm
[depth=2 ok=True] https://en.baochinhphu.vn/print/keynote-address-by-general-secretary-and-president-to-lam-at-shangri-la-dialogue-2026-11126052921304821.htm
[depth=2 ok=True] https://en.baochinhphu.vn/print/le-thi-thuy-re-elected-president-of-viet-nam-womens-union-for-20262031-term-111260619100602922.htm
[depth=2 ok=True] https://en.baochinhphu.vn/print/major-tasks-and-solutions-to-implement-socio-economic-development-plan-in-2025-11125022611153377.htm
[depth=2 ok=True] https://en.baochinhphu.vn/print/notice-for-viet-nam-bound-travellers-111260521112100387.htm
[depth=2 ok=True] https://en.baochinhphu.vn/print/major-tasks-and-solutions-to-improve-viet-nams-business-environment-in-2026-111260210131146989.htm
[depth=2 ok=True] https://en.baochinhphu.vn/print/nestle-strengthens-collaboration-with-partners-to-advance-regenerative-agriculture-in-viet-nam-111230621194115355.htm
[depth=2 ok=True] https://en.baochinhphu.vn/print/politburo-orders-promoting-intellectual-property-work-in-favor-of-socio-economic-development-111260620143932513.htm
[depth=2 ok=True] https://en.baochinhphu.vn/print/regulations-on-automatic-stay-extension-11141572.htm
[depth=2 ok=True] https://en.baochinhphu.vn/print/prime-minister-attends-asean-russia-commemorative-summit-in-kazan-111260618154539623.htm
[depth=2 ok=True] https://en.baochinhphu.vn/print/resolution-01-on-key-tasks-and-solutions-to-implement-2023-socio-economic-development-plan-111230207102705303.htm
[depth=2 ok=True] https://en.baochinhphu.vn/print/remarks-by-general-secretary-and-president-to-lam-at-reception-for-participants-in-asean-future-forum-2026-111260610080345713.htm
[depth=2 ok=True] https://en.baochinhphu.vn/print/resolution-01-on-major-tasks-and-solutions-to-implement-socio-economic-development-plan-in-2026-111260128130253612.htm
[depth=2 ok=True] https://en.baochinhphu.vn/print/speech-by-general-secretary-president-to-lam-at-indian-council-of-world-affairs-111260511080021984.htm
[depth=2 ok=True] https://en.baochinhphu.vn/print/viet-nam-denmark-celebrate-55-years-of-partnership-through-sustainable-city-initiatives-in-da-nang-111260620185318583.htm
[depth=2 ok=True] https://en.baochinhphu.vn/print/viet-nam-among-top-10-peaceful-counties-in-asia-pacific-2026-global-peace-index-111260620150007439.htm
[depth=2 ok=True] https://en.baochinhphu.vn/print/viet-nam-helps-advance-asean-russia-cooperation-deepen-bilateral-ties-111260619165123075.htm

=== Summary ===
Total pages: 299
  depth 0: 1 pages
  depth 1: 69 pages
  depth 2: 229 pages
Output dir: /home/antoine/Documents/WORK/CODE/LABS/fertiscope/crawl_output
